
================================================================================
TRAINING UNIT2UNIT BIG FROM SCRATCH: 2026-04-03 07:18:06
Command: fairseq-train /mnt/e/AI/khanh/checkpoints/data_bin_unit2unit_dedup --task translation --arch transformer --share-decoder-input-output-embed --max-source-positions 1536 --max-target-positions 1536 --skip-invalid-size-inputs-valid-test --max-tokens 1536 --update-freq 16 --fp16 --optimizer adam --adam-betas (0.9, 0.98) --adam-eps 1e-8 --clip-norm 0.1 --lr 5e-4 --warmup-updates 8000 --lr-scheduler inverse_sqrt --dropout 0.1 --weight-decay 0.0001 --criterion label_smoothed_cross_entropy --label-smoothing 0.1 --save-dir /mnt/e/AI/khanh/checkpoints/unit2unit_dedup_v2 --max-epoch 200 --patience 30 --keep-last-epochs 5 --keep-best-checkpoints 3 --log-interval 50 --save-interval 30 --validate-interval 1 --best-checkpoint-metric loss --tensorboard-logdir /mnt/e/AI/khanh/checkpoints/unit2unit_dedup_v2/tb_logs
================================================================================

2026-04-03 07:18:21 | INFO | fairseq_cli.train | {'_name': None, 'common': {'_name': None, 'no_progress_bar': False, 'log_interval': 50, 'log_format': None, 'log_file': None, 'aim_repo': None, 'aim_run_hash': None, 'tensorboard_logdir': '/mnt/e/AI/khanh/checkpoints/unit2unit_dedup_v2/tb_logs', 'wandb_project': None, 'azureml_logging': False, 'seed': 1, 'cpu': False, 'tpu': False, 'bf16': False, 'memory_efficient_bf16': False, 'fp16': True, 'memory_efficient_fp16': False, 'fp16_no_flatten_grads': False, 'fp16_init_scale': 128, 'fp16_scale_window': None, 'fp16_scale_tolerance': 0.0, 'on_cpu_convert_precision': False, 'min_loss_scale': 0.0001, 'threshold_loss_scale': None, 'amp': False, 'amp_batch_retries': 2, 'amp_init_scale': 128, 'amp_scale_window': None, 'user_dir': None, 'empty_cache_freq': 0, 'all_gather_list_size': 16384, 'model_parallel_size': 1, 'quantization_config_path': None, 'profile': False, 'reset_logging': False, 'suppress_crashes': False, 'use_plasma_view': False, 'plasma_path': '/tmp/plasma'}, 'common_eval': {'_name': None, 'path': None, 'post_process': None, 'quiet': False, 'model_overrides': '{}', 'results_path': None}, 'distributed_training': {'_name': None, 'distributed_world_size': 1, 'distributed_num_procs': 1, 'distributed_rank': 0, 'distributed_backend': 'nccl', 'distributed_init_method': None, 'distributed_port': -1, 'device_id': 0, 'distributed_no_spawn': False, 'ddp_backend': 'pytorch_ddp', 'ddp_comm_hook': 'none', 'bucket_cap_mb': 25, 'fix_batches_to_gpus': False, 'find_unused_parameters': False, 'gradient_as_bucket_view': False, 'fast_stat_sync': False, 'heartbeat_timeout': -1, 'broadcast_buffers': False, 'slowmo_momentum': None, 'slowmo_base_algorithm': 'localsgd', 'localsgd_frequency': 3, 'nprocs_per_node': 1, 'pipeline_model_parallel': False, 'pipeline_balance': None, 'pipeline_devices': None, 'pipeline_chunks': 0, 'pipeline_encoder_balance': None, 'pipeline_encoder_devices': None, 'pipeline_decoder_balance': None, 'pipeline_decoder_devices': None, 'pipeline_checkpoint': 'never', 'zero_sharding': 'none', 'fp16': True, 'memory_efficient_fp16': False, 'tpu': False, 'no_reshard_after_forward': False, 'fp32_reduce_scatter': False, 'cpu_offload': False, 'use_sharded_state': False, 'not_fsdp_flatten_parameters': False}, 'dataset': {'_name': None, 'num_workers': 1, 'skip_invalid_size_inputs_valid_test': True, 'max_tokens': 1536, 'batch_size': None, 'required_batch_size_multiple': 8, 'required_seq_len_multiple': 1, 'dataset_impl': None, 'data_buffer_size': 10, 'train_subset': 'train', 'valid_subset': 'valid', 'combine_valid_subsets': None, 'ignore_unused_valid_subsets': False, 'validate_interval': 1, 'validate_interval_updates': 0, 'validate_after_updates': 0, 'fixed_validation_seed': None, 'disable_validation': False, 'max_tokens_valid': 1536, 'batch_size_valid': None, 'max_valid_steps': None, 'curriculum': 0, 'gen_subset': 'test', 'num_shards': 1, 'shard_id': 0, 'grouped_shuffling': False, 'update_epoch_batch_itr': False, 'update_ordered_indices_seed': False}, 'optimization': {'_name': None, 'max_epoch': 200, 'max_update': 0, 'stop_time_hours': 0.0, 'clip_norm': 0.1, 'sentence_avg': False, 'update_freq': [16], 'lr': [0.0005], 'stop_min_lr': -1.0, 'use_bmuf': False, 'skip_remainder_batch': False}, 'checkpoint': {'_name': None, 'save_dir': '/mnt/e/AI/khanh/checkpoints/unit2unit_dedup_v2', 'restore_file': 'checkpoint_last.pt', 'continue_once': None, 'finetune_from_model': None, 'reset_dataloader': False, 'reset_lr_scheduler': False, 'reset_meters': False, 'reset_optimizer': False, 'optimizer_overrides': '{}', 'save_interval': 30, 'save_interval_updates': 0, 'keep_interval_updates': -1, 'keep_interval_updates_pattern': -1, 'keep_last_epochs': 5, 'keep_best_checkpoints': 3, 'no_save': False, 'no_epoch_checkpoints': False, 'no_last_checkpoints': False, 'no_save_optimizer_state': False, 'best_checkpoint_metric': 'loss', 'maximize_best_checkpoint_metric': False, 'patience': 30, 'checkpoint_suffix': '', 'checkpoint_shard_count': 1, 'load_checkpoint_on_all_dp_ranks': False, 'write_checkpoints_asynchronously': False, 'model_parallel_size': 1}, 'bmuf': {'_name': None, 'block_lr': 1.0, 'block_momentum': 0.875, 'global_sync_iter': 50, 'warmup_iterations': 500, 'use_nbm': False, 'average_sync': False, 'distributed_world_size': 1}, 'generation': {'_name': None, 'beam': 5, 'nbest': 1, 'max_len_a': 0.0, 'max_len_b': 200, 'min_len': 1, 'match_source_len': False, 'unnormalized': False, 'no_early_stop': False, 'no_beamable_mm': False, 'lenpen': 1.0, 'unkpen': 0.0, 'replace_unk': None, 'sacrebleu': False, 'score_reference': False, 'prefix_size': 0, 'no_repeat_ngram_size': 0, 'sampling': False, 'sampling_topk': -1, 'sampling_topp': -1.0, 'constraints': None, 'temperature': 1.0, 'diverse_beam_groups': -1, 'diverse_beam_strength': 0.5, 'diversity_rate': -1.0, 'print_alignment': None, 'print_step': False, 'lm_path': None, 'lm_weight': 0.0, 'iter_decode_eos_penalty': 0.0, 'iter_decode_max_iter': 10, 'iter_decode_force_max_iter': False, 'iter_decode_with_beam': 1, 'iter_decode_with_external_reranker': False, 'retain_iter_history': False, 'retain_dropout': False, 'retain_dropout_modules': None, 'decoding_format': None, 'no_seed_provided': False, 'eos_token': None}, 'eval_lm': {'_name': None, 'output_word_probs': False, 'output_word_stats': False, 'context_window': 0, 'softmax_batch': 9223372036854775807}, 'interactive': {'_name': None, 'buffer_size': 0, 'input': '-'}, 'model': Namespace(no_progress_bar=False, log_interval=50, log_format=None, log_file=None, aim_repo=None, aim_run_hash=None, tensorboard_logdir='/mnt/e/AI/khanh/checkpoints/unit2unit_dedup_v2/tb_logs', wandb_project=None, azureml_logging=False, seed=1, cpu=False, tpu=False, bf16=False, memory_efficient_bf16=False, fp16=True, memory_efficient_fp16=False, fp16_no_flatten_grads=False, fp16_init_scale=128, fp16_scale_window=None, fp16_scale_tolerance=0.0, on_cpu_convert_precision=False, min_loss_scale=0.0001, threshold_loss_scale=None, amp=False, amp_batch_retries=2, amp_init_scale=128, amp_scale_window=None, user_dir=None, empty_cache_freq=0, all_gather_list_size=16384, model_parallel_size=1, quantization_config_path=None, profile=False, reset_logging=False, suppress_crashes=False, use_plasma_view=False, plasma_path='/tmp/plasma', criterion='label_smoothed_cross_entropy', tokenizer=None, bpe=None, optimizer='adam', lr_scheduler='inverse_sqrt', scoring='bleu', task='translation', num_workers=1, skip_invalid_size_inputs_valid_test=True, max_tokens=1536, batch_size=None, required_batch_size_multiple=8, required_seq_len_multiple=1, dataset_impl=None, data_buffer_size=10, train_subset='train', valid_subset='valid', combine_valid_subsets=None, ignore_unused_valid_subsets=False, validate_interval=1, validate_interval_updates=0, validate_after_updates=0, fixed_validation_seed=None, disable_validation=False, max_tokens_valid=1536, batch_size_valid=None, max_valid_steps=None, curriculum=0, gen_subset='test', num_shards=1, shard_id=0, grouped_shuffling=False, update_epoch_batch_itr=False, update_ordered_indices_seed=False, distributed_world_size=1, distributed_num_procs=1, distributed_rank=0, distributed_backend='nccl', distributed_init_method=None, distributed_port=-1, device_id=0, distributed_no_spawn=False, ddp_backend='pytorch_ddp', ddp_comm_hook='none', bucket_cap_mb=25, fix_batches_to_gpus=False, find_unused_parameters=False, gradient_as_bucket_view=False, fast_stat_sync=False, heartbeat_timeout=-1, broadcast_buffers=False, slowmo_momentum=None, slowmo_base_algorithm='localsgd', localsgd_frequency=3, nprocs_per_node=1, pipeline_model_parallel=False, pipeline_balance=None, pipeline_devices=None, pipeline_chunks=0, pipeline_encoder_balance=None, pipeline_encoder_devices=None, pipeline_decoder_balance=None, pipeline_decoder_devices=None, pipeline_checkpoint='never', zero_sharding='none', no_reshard_after_forward=False, fp32_reduce_scatter=False, cpu_offload=False, use_sharded_state=False, not_fsdp_flatten_parameters=False, arch='transformer', max_epoch=200, max_update=0, stop_time_hours=0, clip_norm=0.1, sentence_avg=False, update_freq=[16], lr=[0.0005], stop_min_lr=-1.0, use_bmuf=False, skip_remainder_batch=False, save_dir='/mnt/e/AI/khanh/checkpoints/unit2unit_dedup_v2', restore_file='checkpoint_last.pt', continue_once=None, finetune_from_model=None, reset_dataloader=False, reset_lr_scheduler=False, reset_meters=False, reset_optimizer=False, optimizer_overrides='{}', save_interval=30, save_interval_updates=0, keep_interval_updates=-1, keep_interval_updates_pattern=-1, keep_last_epochs=5, keep_best_checkpoints=3, no_save=False, no_epoch_checkpoints=False, no_last_checkpoints=False, no_save_optimizer_state=False, best_checkpoint_metric='loss', maximize_best_checkpoint_metric=False, patience=30, checkpoint_suffix='', checkpoint_shard_count=1, load_checkpoint_on_all_dp_ranks=False, write_checkpoints_asynchronously=False, store_ema=False, ema_decay=0.9999, ema_start_update=0, ema_seed_model=None, ema_update_freq=1, ema_fp32=False, data='/mnt/e/AI/khanh/checkpoints/data_bin_unit2unit_dedup', source_lang=None, target_lang=None, load_alignments=False, left_pad_source=True, left_pad_target=False, upsample_primary=-1, truncate_source=False, num_batch_buckets=0, eval_bleu=False, eval_bleu_args='{}', eval_bleu_detok='space', eval_bleu_detok_args='{}', eval_tokenized_bleu=False, eval_bleu_remove_bpe=None, eval_bleu_print_samples=False, label_smoothing=0.1, report_accuracy=False, ignore_prefix_size=0, adam_betas='(0.9, 0.98)', adam_eps=1e-08, weight_decay=0.0001, use_old_adam=False, fp16_adam_stats=False, warmup_updates=8000, warmup_init_lr=-1, pad=1, eos=2, unk=3, share_decoder_input_output_embed=True, max_source_positions=1536, max_target_positions=1536, dropout=0.1, no_seed_provided=False, encoder_embed_path=None, encoder_embed_dim=512, encoder_ffn_embed_dim=2048, encoder_layers=6, encoder_attention_heads=8, encoder_normalize_before=False, encoder_learned_pos=False, decoder_embed_path=None, decoder_embed_dim=512, decoder_ffn_embed_dim=2048, decoder_layers=6, decoder_attention_heads=8, decoder_normalize_before=False, decoder_learned_pos=False, attention_dropout=0.0, activation_dropout=0.0, activation_fn='relu', adaptive_softmax_cutoff=None, adaptive_softmax_dropout=0, share_all_embeddings=False, no_token_positional_embeddings=False, adaptive_input=False, no_cross_attention=False, cross_self_attention=False, decoder_output_dim=512, decoder_input_dim=512, no_scale_embedding=False, layernorm_embedding=False, tie_adaptive_weights=False, checkpoint_activations=False, offload_activations=False, encoder_layers_to_keep=None, decoder_layers_to_keep=None, encoder_layerdrop=0, decoder_layerdrop=0, quant_noise_pq=0, quant_noise_pq_block_size=8, quant_noise_scalar=0, _name='transformer'), 'task': {'_name': 'translation', 'data': '/mnt/e/AI/khanh/checkpoints/data_bin_unit2unit_dedup', 'source_lang': None, 'target_lang': None, 'load_alignments': False, 'left_pad_source': True, 'left_pad_target': False, 'max_source_positions': 1536, 'max_target_positions': 1536, 'upsample_primary': -1, 'truncate_source': False, 'num_batch_buckets': 0, 'train_subset': 'train', 'dataset_impl': None, 'required_seq_len_multiple': 1, 'eval_bleu': False, 'eval_bleu_args': '{}', 'eval_bleu_detok': 'space', 'eval_bleu_detok_args': '{}', 'eval_tokenized_bleu': False, 'eval_bleu_remove_bpe': None, 'eval_bleu_print_samples': False}, 'criterion': {'_name': 'label_smoothed_cross_entropy', 'label_smoothing': 0.1, 'report_accuracy': False, 'ignore_prefix_size': 0, 'sentence_avg': False}, 'optimizer': {'_name': 'adam', 'adam_betas': '(0.9, 0.98)', 'adam_eps': 1e-08, 'weight_decay': 0.0001, 'use_old_adam': False, 'fp16_adam_stats': False, 'tpu': False, 'lr': [0.0005]}, 'lr_scheduler': {'_name': 'inverse_sqrt', 'warmup_updates': 8000, 'warmup_init_lr': -1.0, 'lr': [0.0005]}, 'scoring': {'_name': 'bleu', 'pad': 1, 'eos': 2, 'unk': 3}, 'bpe': None, 'tokenizer': None, 'ema': {'_name': None, 'store_ema': False, 'ema_decay': 0.9999, 'ema_start_update': 0, 'ema_seed_model': None, 'ema_update_freq': 1, 'ema_fp32': False}}
2026-04-03 07:18:21 | INFO | fairseq.tasks.translation | [src] dictionary: 744 types
2026-04-03 07:18:21 | INFO | fairseq.tasks.translation | [tgt] dictionary: 1008 types
2026-04-03 07:18:21 | INFO | fairseq_cli.train | TransformerModel(
  (encoder): TransformerEncoderBase(
    (dropout_module): FairseqDropout()
    (embed_tokens): Embedding(744, 512, padding_idx=1)
    (embed_positions): SinusoidalPositionalEmbedding()
    (layers): ModuleList(
      (0-5): 6 x TransformerEncoderLayerBase(
        (self_attn): MultiheadAttention(
          (dropout_module): FairseqDropout()
          (k_proj): Linear(in_features=512, out_features=512, bias=True)
          (v_proj): Linear(in_features=512, out_features=512, bias=True)
          (q_proj): Linear(in_features=512, out_features=512, bias=True)
          (out_proj): Linear(in_features=512, out_features=512, bias=True)
        )
        (self_attn_layer_norm): LayerNorm((512,), eps=1e-05, elementwise_affine=True)
        (dropout_module): FairseqDropout()
        (activation_dropout_module): FairseqDropout()
        (fc1): Linear(in_features=512, out_features=2048, bias=True)
        (fc2): Linear(in_features=2048, out_features=512, bias=True)
        (final_layer_norm): LayerNorm((512,), eps=1e-05, elementwise_affine=True)
      )
    )
  )
  (decoder): TransformerDecoderBase(
    (dropout_module): FairseqDropout()
    (embed_tokens): Embedding(1008, 512, padding_idx=1)
    (embed_positions): SinusoidalPositionalEmbedding()
    (layers): ModuleList(
      (0-5): 6 x TransformerDecoderLayerBase(
        (dropout_module): FairseqDropout()
        (self_attn): MultiheadAttention(
          (dropout_module): FairseqDropout()
          (k_proj): Linear(in_features=512, out_features=512, bias=True)
          (v_proj): Linear(in_features=512, out_features=512, bias=True)
          (q_proj): Linear(in_features=512, out_features=512, bias=True)
          (out_proj): Linear(in_features=512, out_features=512, bias=True)
        )
        (activation_dropout_module): FairseqDropout()
        (self_attn_layer_norm): LayerNorm((512,), eps=1e-05, elementwise_affine=True)
        (encoder_attn): MultiheadAttention(
          (dropout_module): FairseqDropout()
          (k_proj): Linear(in_features=512, out_features=512, bias=True)
          (v_proj): Linear(in_features=512, out_features=512, bias=True)
          (q_proj): Linear(in_features=512, out_features=512, bias=True)
          (out_proj): Linear(in_features=512, out_features=512, bias=True)
        )
        (encoder_attn_layer_norm): LayerNorm((512,), eps=1e-05, elementwise_affine=True)
        (fc1): Linear(in_features=512, out_features=2048, bias=True)
        (fc2): Linear(in_features=2048, out_features=512, bias=True)
        (final_layer_norm): LayerNorm((512,), eps=1e-05, elementwise_affine=True)
      )
    )
    (output_projection): Linear(in_features=512, out_features=1008, bias=False)
  )
)
2026-04-03 07:18:21 | INFO | fairseq_cli.train | task: TranslationTask
2026-04-03 07:18:21 | INFO | fairseq_cli.train | model: TransformerModel
2026-04-03 07:18:21 | INFO | fairseq_cli.train | criterion: LabelSmoothedCrossEntropyCriterion
2026-04-03 07:18:21 | INFO | fairseq_cli.train | num. shared model params: 63,937,536 (num. trained: 63,937,536)
2026-04-03 07:18:21 | INFO | fairseq_cli.train | num. expert model params: 0 (num. trained: 0)
2026-04-03 07:18:21 | INFO | fairseq.data.data_utils | loaded 9,613 examples from: /mnt/e/AI/khanh/checkpoints/data_bin_unit2unit_dedup/valid.src-tgt.src
2026-04-03 07:18:21 | INFO | fairseq.data.data_utils | loaded 9,613 examples from: /mnt/e/AI/khanh/checkpoints/data_bin_unit2unit_dedup/valid.src-tgt.tgt
2026-04-03 07:18:21 | INFO | fairseq.tasks.translation | /mnt/e/AI/khanh/checkpoints/data_bin_unit2unit_dedup valid src-tgt 9613 examples
2026-04-03 07:18:22 | INFO | fairseq.trainer | detected shared parameter: decoder.embed_tokens.weight <- decoder.output_projection.weight
2026-04-03 07:18:22 | INFO | fairseq.utils | ***********************CUDA enviroments for all 1 workers***********************
2026-04-03 07:18:22 | INFO | fairseq.utils | rank   0: capabilities =  8.6  ; total memory = 24.000 GB ; name = NVIDIA GeForce RTX 3090                 
2026-04-03 07:18:22 | INFO | fairseq.utils | ***********************CUDA enviroments for all 1 workers***********************
2026-04-03 07:18:22 | INFO | fairseq_cli.train | training on 1 devices (GPUs/TPUs)
2026-04-03 07:18:22 | INFO | fairseq_cli.train | max tokens per device = 1536 and max sentences per device = None
2026-04-03 07:18:22 | INFO | fairseq.trainer | Preparing to load checkpoint /mnt/e/AI/khanh/checkpoints/unit2unit_dedup_v2/checkpoint_last.pt
2026-04-03 07:18:22 | INFO | fairseq.trainer | No existing checkpoint found /mnt/e/AI/khanh/checkpoints/unit2unit_dedup_v2/checkpoint_last.pt
2026-04-03 07:18:22 | INFO | fairseq.trainer | loading train data for epoch 1
2026-04-03 07:18:22 | INFO | fairseq.data.data_utils | loaded 76,907 examples from: /mnt/e/AI/khanh/checkpoints/data_bin_unit2unit_dedup/train.src-tgt.src
2026-04-03 07:18:23 | INFO | fairseq.data.data_utils | loaded 76,907 examples from: /mnt/e/AI/khanh/checkpoints/data_bin_unit2unit_dedup/train.src-tgt.tgt
2026-04-03 07:18:23 | INFO | fairseq.tasks.translation | /mnt/e/AI/khanh/checkpoints/data_bin_unit2unit_dedup train src-tgt 76907 examples
2026-04-03 07:18:23 | WARNING | fairseq.tasks.fairseq_task | 37 samples have invalid sizes and will be skipped, max_positions=(1536, 1536), first few sample ids=[56509, 46779, 70164, 72262, 43152, 52953, 56476, 43707, 45516, 56177]
2026-04-03 07:18:25 | INFO | fairseq.data.iterators | grouped total_num_itrs = 946
2026-04-03 07:18:25 | INFO | fairseq.trainer | begin training epoch 1
2026-04-03 07:18:25 | INFO | fairseq_cli.train | Start iterating over samples
/mnt/e/AI/khanh/ai310_env/lib/python3.10/site-packages/torch/nn/functional.py:5109: UserWarning: Support for mismatched key_padding_mask and attn_mask is deprecated. Use same type for both instead.
  warnings.warn(
2026-04-03 07:18:33 | INFO | fairseq.trainer | NOTE: gradient overflow detected, ignoring gradient, setting loss scale to: 64.0
2026-04-03 07:18:54 | INFO | train_inner | epoch 001:     51 / 946 loss=10.501, nll_loss=10.495, ppl=1443.5, wps=47895.4, ups=2.39, wpb=20037.8, bsz=78.7, num_updates=50, lr=3.125e-06, gnorm=2.247, clip=100, loss_scale=64, train_wall=28, gb_free=22.2, wall=32
2026-04-03 07:19:15 | INFO | train_inner | epoch 001:    101 / 946 loss=10.088, nll_loss=10.066, ppl=1072.05, wps=48275, ups=2.41, wpb=19999.8, bsz=84.1, num_updates=100, lr=6.25e-06, gnorm=0.734, clip=100, loss_scale=64, train_wall=20, gb_free=22.2, wall=52
2026-04-03 07:19:36 | INFO | train_inner | epoch 001:    151 / 946 loss=9.876, nll_loss=9.836, ppl=914.26, wps=47005.7, ups=2.37, wpb=19869.3, bsz=81.8, num_updates=150, lr=9.375e-06, gnorm=0.65, clip=100, loss_scale=64, train_wall=21, gb_free=22.3, wall=74
2026-04-03 07:20:03 | INFO | train_inner | epoch 001:    201 / 946 loss=9.599, nll_loss=9.521, ppl=734.58, wps=37106.2, ups=1.86, wpb=19971.7, bsz=79.7, num_updates=200, lr=1.25e-05, gnorm=0.805, clip=100, loss_scale=64, train_wall=26, gb_free=22.4, wall=101
2026-04-03 07:20:28 | INFO | train_inner | epoch 001:    251 / 946 loss=9.203, nll_loss=9.069, ppl=536.92, wps=40127.5, ups=2.01, wpb=19926.9, bsz=82.2, num_updates=250, lr=1.5625e-05, gnorm=1.002, clip=100, loss_scale=64, train_wall=24, gb_free=22.3, wall=125
2026-04-03 07:20:54 | INFO | train_inner | epoch 001:    301 / 946 loss=8.619, nll_loss=8.398, ppl=337.38, wps=38531, ups=1.93, wpb=19934, bsz=81.4, num_updates=300, lr=1.875e-05, gnorm=1.516, clip=100, loss_scale=64, train_wall=25, gb_free=22.3, wall=151
2026-04-03 07:21:17 | INFO | train_inner | epoch 001:    351 / 946 loss=7.666, nll_loss=7.299, ppl=157.51, wps=42902.9, ups=2.14, wpb=20058.7, bsz=82.6, num_updates=350, lr=2.1875e-05, gnorm=2.559, clip=100, loss_scale=64, train_wall=23, gb_free=22.3, wall=175
2026-04-03 07:21:41 | INFO | train_inner | epoch 001:    401 / 946 loss=6.743, nll_loss=6.231, ppl=75.09, wps=42719.5, ups=2.13, wpb=20049.6, bsz=81.4, num_updates=400, lr=2.5e-05, gnorm=4.391, clip=100, loss_scale=64, train_wall=23, gb_free=22.1, wall=198
2026-04-03 07:22:09 | INFO | train_inner | epoch 001:    451 / 946 loss=5.998, nll_loss=5.373, ppl=41.45, wps=35716.6, ups=1.77, wpb=20141.9, bsz=83.2, num_updates=450, lr=2.8125e-05, gnorm=3.574, clip=100, loss_scale=64, train_wall=28, gb_free=22.2, wall=226
2026-04-03 07:22:32 | INFO | train_inner | epoch 001:    501 / 946 loss=5.374, nll_loss=4.653, ppl=25.17, wps=44028.7, ups=2.19, wpb=20070, bsz=84.7, num_updates=500, lr=3.125e-05, gnorm=2.969, clip=100, loss_scale=64, train_wall=22, gb_free=22.3, wall=249
2026-04-03 07:22:54 | INFO | train_inner | epoch 001:    551 / 946 loss=4.907, nll_loss=4.106, ppl=17.22, wps=45208.5, ups=2.27, wpb=19933.5, bsz=80.4, num_updates=550, lr=3.4375e-05, gnorm=2.432, clip=100, loss_scale=64, train_wall=22, gb_free=22.4, wall=271
2026-04-03 07:23:15 | INFO | train_inner | epoch 001:    601 / 946 loss=4.56, nll_loss=3.692, ppl=12.92, wps=47839.3, ups=2.39, wpb=20030.1, bsz=82.2, num_updates=600, lr=3.75e-05, gnorm=2.132, clip=100, loss_scale=64, train_wall=20, gb_free=22.3, wall=292
2026-04-03 07:23:35 | INFO | train_inner | epoch 001:    651 / 946 loss=4.313, nll_loss=3.39, ppl=10.49, wps=48720.7, ups=2.44, wpb=19978.8, bsz=79.4, num_updates=650, lr=4.0625e-05, gnorm=1.869, clip=100, loss_scale=64, train_wall=20, gb_free=22.2, wall=313
2026-04-03 07:24:03 | INFO | train_inner | epoch 001:    701 / 946 loss=4.156, nll_loss=3.19, ppl=9.13, wps=35463.1, ups=1.78, wpb=19976.3, bsz=80.3, num_updates=700, lr=4.375e-05, gnorm=1.757, clip=100, loss_scale=64, train_wall=28, gb_free=22.2, wall=341
2026-04-03 07:24:25 | INFO | train_inner | epoch 001:    751 / 946 loss=4.032, nll_loss=3.029, ppl=8.16, wps=46711.3, ups=2.35, wpb=19847.8, bsz=81.3, num_updates=750, lr=4.6875e-05, gnorm=1.481, clip=100, loss_scale=64, train_wall=21, gb_free=22.3, wall=362
2026-04-03 07:24:46 | INFO | train_inner | epoch 001:    801 / 946 loss=3.968, nll_loss=2.939, ppl=7.67, wps=47048.6, ups=2.34, wpb=20103.8, bsz=78.5, num_updates=800, lr=5e-05, gnorm=1.281, clip=100, loss_scale=64, train_wall=21, gb_free=22.2, wall=384
2026-04-03 07:25:08 | INFO | train_inner | epoch 001:    851 / 946 loss=3.909, nll_loss=2.859, ppl=7.25, wps=46779.5, ups=2.32, wpb=20139, bsz=82.8, num_updates=850, lr=5.3125e-05, gnorm=1.133, clip=100, loss_scale=64, train_wall=21, gb_free=22.3, wall=405
2026-04-03 07:25:28 | INFO | train_inner | epoch 001:    901 / 946 loss=3.868, nll_loss=2.802, ppl=6.97, wps=49441.5, ups=2.46, wpb=20079, bsz=77.5, num_updates=900, lr=5.625e-05, gnorm=1.09, clip=100, loss_scale=64, train_wall=20, gb_free=22.4, wall=426
2026-04-03 07:25:50 | INFO | fairseq_cli.train | begin validation on "valid" subset
2026-04-03 07:25:50 | WARNING | fairseq.tasks.fairseq_task | 10 samples have invalid sizes and will be skipped, max_positions=(1536, 1536), first few sample ids=[5330, 1546, 5184, 2987, 2493, 7365, 9166, 8734, 7142, 1219]
Traceback (most recent call last):
  File "/mnt/e/AI/khanh/ai310_env/bin/fairseq-train", line 8, in <module>
    sys.exit(cli_main())
  File "/mnt/e/AI/khanh/fairseq/fairseq_cli/train.py", line 557, in cli_main
    distributed_utils.call_main(cfg, main)
  File "/mnt/e/AI/khanh/fairseq/fairseq/distributed/utils.py", line 369, in call_main
    main(cfg, **kwargs)
  File "/mnt/e/AI/khanh/fairseq/fairseq_cli/train.py", line 190, in main
    valid_losses, should_stop = train(cfg, trainer, task, epoch_itr)
  File "/mnt/e/AI/khanh/ai310_env/lib/python3.10/contextlib.py", line 79, in inner
    return func(*args, **kwds)
  File "/mnt/e/AI/khanh/fairseq/fairseq_cli/train.py", line 330, in train
    valid_losses, should_stop = validate_and_save(
  File "/mnt/e/AI/khanh/fairseq/fairseq_cli/train.py", line 421, in validate_and_save
    valid_losses = validate(cfg, trainer, task, epoch_itr, valid_subsets)
  File "/mnt/e/AI/khanh/fairseq/fairseq_cli/train.py", line 499, in validate
    for i, sample in enumerate(progress):
  File "/mnt/e/AI/khanh/fairseq/fairseq/logging/progress_bar.py", line 272, in __iter__
    for i, obj in enumerate(self.iterable, start=self.n):
  File "/mnt/e/AI/khanh/fairseq/fairseq/data/iterators.py", line 57, in __next__
    x = next(self._itr)
  File "/mnt/e/AI/khanh/fairseq/fairseq/data/iterators.py", line 742, in __next__
    raise item
  File "/mnt/e/AI/khanh/fairseq/fairseq/data/iterators.py", line 672, in run
    for item in self._source:
  File "/mnt/e/AI/khanh/ai310_env/lib/python3.10/site-packages/torch/utils/data/dataloader.py", line 434, in __iter__
    self._iterator = self._get_iterator()
  File "/mnt/e/AI/khanh/ai310_env/lib/python3.10/site-packages/torch/utils/data/dataloader.py", line 387, in _get_iterator
    return _MultiProcessingDataLoaderIter(self)
  File "/mnt/e/AI/khanh/ai310_env/lib/python3.10/site-packages/torch/utils/data/dataloader.py", line 1040, in __init__
    w.start()
  File "/mnt/e/AI/khanh/ai310_env/lib/python3.10/multiprocessing/process.py", line 121, in start
    self._popen = self._Popen(self)
  File "/mnt/e/AI/khanh/ai310_env/lib/python3.10/multiprocessing/context.py", line 224, in _Popen
    return _default_context.get_context().Process._Popen(process_obj)
  File "/mnt/e/AI/khanh/ai310_env/lib/python3.10/multiprocessing/context.py", line 281, in _Popen
    return Popen(process_obj)
  File "/mnt/e/AI/khanh/ai310_env/lib/python3.10/multiprocessing/popen_fork.py", line 19, in __init__
    self._launch(process_obj)
  File "/mnt/e/AI/khanh/ai310_env/lib/python3.10/multiprocessing/popen_fork.py", line 66, in _launch
    self.pid = os.fork()
OSError: [Errno 12] Cannot allocate memory

================================================================================
TRAINING UNIT2UNIT BIG FROM SCRATCH: 2026-04-03 07:42:19
Command: fairseq-train /mnt/e/AI/khanh/checkpoints/data_bin_unit2unit_dedup --task translation --arch transformer --share-decoder-input-output-embed --num-workers 0 --max-source-positions 1536 --max-target-positions 1536 --skip-invalid-size-inputs-valid-test --max-tokens 4096 --update-freq 6 --fp16 --optimizer adam --adam-betas (0.9, 0.98) --adam-eps 1e-8 --clip-norm 0.1 --lr 5e-4 --warmup-updates 4000 --lr-scheduler inverse_sqrt --dropout 0.1 --weight-decay 0.0001 --criterion label_smoothed_cross_entropy --label-smoothing 0.1 --save-dir /mnt/e/AI/khanh/checkpoints/unit2unit_dedup_v2 --max-epoch 200 --patience 30 --keep-last-epochs 5 --keep-best-checkpoints 3 --log-interval 50 --save-interval 30 --validate-interval 1 --best-checkpoint-metric loss --tensorboard-logdir /mnt/e/AI/khanh/checkpoints/unit2unit_dedup_v2/tb_logs
================================================================================

2026-04-03 07:42:34 | INFO | fairseq_cli.train | {'_name': None, 'common': {'_name': None, 'no_progress_bar': False, 'log_interval': 50, 'log_format': None, 'log_file': None, 'aim_repo': None, 'aim_run_hash': None, 'tensorboard_logdir': '/mnt/e/AI/khanh/checkpoints/unit2unit_dedup_v2/tb_logs', 'wandb_project': None, 'azureml_logging': False, 'seed': 1, 'cpu': False, 'tpu': False, 'bf16': False, 'memory_efficient_bf16': False, 'fp16': True, 'memory_efficient_fp16': False, 'fp16_no_flatten_grads': False, 'fp16_init_scale': 128, 'fp16_scale_window': None, 'fp16_scale_tolerance': 0.0, 'on_cpu_convert_precision': False, 'min_loss_scale': 0.0001, 'threshold_loss_scale': None, 'amp': False, 'amp_batch_retries': 2, 'amp_init_scale': 128, 'amp_scale_window': None, 'user_dir': None, 'empty_cache_freq': 0, 'all_gather_list_size': 16384, 'model_parallel_size': 1, 'quantization_config_path': None, 'profile': False, 'reset_logging': False, 'suppress_crashes': False, 'use_plasma_view': False, 'plasma_path': '/tmp/plasma'}, 'common_eval': {'_name': None, 'path': None, 'post_process': None, 'quiet': False, 'model_overrides': '{}', 'results_path': None}, 'distributed_training': {'_name': None, 'distributed_world_size': 1, 'distributed_num_procs': 1, 'distributed_rank': 0, 'distributed_backend': 'nccl', 'distributed_init_method': None, 'distributed_port': -1, 'device_id': 0, 'distributed_no_spawn': False, 'ddp_backend': 'pytorch_ddp', 'ddp_comm_hook': 'none', 'bucket_cap_mb': 25, 'fix_batches_to_gpus': False, 'find_unused_parameters': False, 'gradient_as_bucket_view': False, 'fast_stat_sync': False, 'heartbeat_timeout': -1, 'broadcast_buffers': False, 'slowmo_momentum': None, 'slowmo_base_algorithm': 'localsgd', 'localsgd_frequency': 3, 'nprocs_per_node': 1, 'pipeline_model_parallel': False, 'pipeline_balance': None, 'pipeline_devices': None, 'pipeline_chunks': 0, 'pipeline_encoder_balance': None, 'pipeline_encoder_devices': None, 'pipeline_decoder_balance': None, 'pipeline_decoder_devices': None, 'pipeline_checkpoint': 'never', 'zero_sharding': 'none', 'fp16': True, 'memory_efficient_fp16': False, 'tpu': False, 'no_reshard_after_forward': False, 'fp32_reduce_scatter': False, 'cpu_offload': False, 'use_sharded_state': False, 'not_fsdp_flatten_parameters': False}, 'dataset': {'_name': None, 'num_workers': 0, 'skip_invalid_size_inputs_valid_test': True, 'max_tokens': 4096, 'batch_size': None, 'required_batch_size_multiple': 8, 'required_seq_len_multiple': 1, 'dataset_impl': None, 'data_buffer_size': 10, 'train_subset': 'train', 'valid_subset': 'valid', 'combine_valid_subsets': None, 'ignore_unused_valid_subsets': False, 'validate_interval': 1, 'validate_interval_updates': 0, 'validate_after_updates': 0, 'fixed_validation_seed': None, 'disable_validation': False, 'max_tokens_valid': 4096, 'batch_size_valid': None, 'max_valid_steps': None, 'curriculum': 0, 'gen_subset': 'test', 'num_shards': 1, 'shard_id': 0, 'grouped_shuffling': False, 'update_epoch_batch_itr': False, 'update_ordered_indices_seed': False}, 'optimization': {'_name': None, 'max_epoch': 200, 'max_update': 0, 'stop_time_hours': 0.0, 'clip_norm': 0.1, 'sentence_avg': False, 'update_freq': [6], 'lr': [0.0005], 'stop_min_lr': -1.0, 'use_bmuf': False, 'skip_remainder_batch': False}, 'checkpoint': {'_name': None, 'save_dir': '/mnt/e/AI/khanh/checkpoints/unit2unit_dedup_v2', 'restore_file': 'checkpoint_last.pt', 'continue_once': None, 'finetune_from_model': None, 'reset_dataloader': False, 'reset_lr_scheduler': False, 'reset_meters': False, 'reset_optimizer': False, 'optimizer_overrides': '{}', 'save_interval': 30, 'save_interval_updates': 0, 'keep_interval_updates': -1, 'keep_interval_updates_pattern': -1, 'keep_last_epochs': 5, 'keep_best_checkpoints': 3, 'no_save': False, 'no_epoch_checkpoints': False, 'no_last_checkpoints': False, 'no_save_optimizer_state': False, 'best_checkpoint_metric': 'loss', 'maximize_best_checkpoint_metric': False, 'patience': 30, 'checkpoint_suffix': '', 'checkpoint_shard_count': 1, 'load_checkpoint_on_all_dp_ranks': False, 'write_checkpoints_asynchronously': False, 'model_parallel_size': 1}, 'bmuf': {'_name': None, 'block_lr': 1.0, 'block_momentum': 0.875, 'global_sync_iter': 50, 'warmup_iterations': 500, 'use_nbm': False, 'average_sync': False, 'distributed_world_size': 1}, 'generation': {'_name': None, 'beam': 5, 'nbest': 1, 'max_len_a': 0.0, 'max_len_b': 200, 'min_len': 1, 'match_source_len': False, 'unnormalized': False, 'no_early_stop': False, 'no_beamable_mm': False, 'lenpen': 1.0, 'unkpen': 0.0, 'replace_unk': None, 'sacrebleu': False, 'score_reference': False, 'prefix_size': 0, 'no_repeat_ngram_size': 0, 'sampling': False, 'sampling_topk': -1, 'sampling_topp': -1.0, 'constraints': None, 'temperature': 1.0, 'diverse_beam_groups': -1, 'diverse_beam_strength': 0.5, 'diversity_rate': -1.0, 'print_alignment': None, 'print_step': False, 'lm_path': None, 'lm_weight': 0.0, 'iter_decode_eos_penalty': 0.0, 'iter_decode_max_iter': 10, 'iter_decode_force_max_iter': False, 'iter_decode_with_beam': 1, 'iter_decode_with_external_reranker': False, 'retain_iter_history': False, 'retain_dropout': False, 'retain_dropout_modules': None, 'decoding_format': None, 'no_seed_provided': False, 'eos_token': None}, 'eval_lm': {'_name': None, 'output_word_probs': False, 'output_word_stats': False, 'context_window': 0, 'softmax_batch': 9223372036854775807}, 'interactive': {'_name': None, 'buffer_size': 0, 'input': '-'}, 'model': Namespace(no_progress_bar=False, log_interval=50, log_format=None, log_file=None, aim_repo=None, aim_run_hash=None, tensorboard_logdir='/mnt/e/AI/khanh/checkpoints/unit2unit_dedup_v2/tb_logs', wandb_project=None, azureml_logging=False, seed=1, cpu=False, tpu=False, bf16=False, memory_efficient_bf16=False, fp16=True, memory_efficient_fp16=False, fp16_no_flatten_grads=False, fp16_init_scale=128, fp16_scale_window=None, fp16_scale_tolerance=0.0, on_cpu_convert_precision=False, min_loss_scale=0.0001, threshold_loss_scale=None, amp=False, amp_batch_retries=2, amp_init_scale=128, amp_scale_window=None, user_dir=None, empty_cache_freq=0, all_gather_list_size=16384, model_parallel_size=1, quantization_config_path=None, profile=False, reset_logging=False, suppress_crashes=False, use_plasma_view=False, plasma_path='/tmp/plasma', criterion='label_smoothed_cross_entropy', tokenizer=None, bpe=None, optimizer='adam', lr_scheduler='inverse_sqrt', scoring='bleu', task='translation', num_workers=0, skip_invalid_size_inputs_valid_test=True, max_tokens=4096, batch_size=None, required_batch_size_multiple=8, required_seq_len_multiple=1, dataset_impl=None, data_buffer_size=10, train_subset='train', valid_subset='valid', combine_valid_subsets=None, ignore_unused_valid_subsets=False, validate_interval=1, validate_interval_updates=0, validate_after_updates=0, fixed_validation_seed=None, disable_validation=False, max_tokens_valid=4096, batch_size_valid=None, max_valid_steps=None, curriculum=0, gen_subset='test', num_shards=1, shard_id=0, grouped_shuffling=False, update_epoch_batch_itr=False, update_ordered_indices_seed=False, distributed_world_size=1, distributed_num_procs=1, distributed_rank=0, distributed_backend='nccl', distributed_init_method=None, distributed_port=-1, device_id=0, distributed_no_spawn=False, ddp_backend='pytorch_ddp', ddp_comm_hook='none', bucket_cap_mb=25, fix_batches_to_gpus=False, find_unused_parameters=False, gradient_as_bucket_view=False, fast_stat_sync=False, heartbeat_timeout=-1, broadcast_buffers=False, slowmo_momentum=None, slowmo_base_algorithm='localsgd', localsgd_frequency=3, nprocs_per_node=1, pipeline_model_parallel=False, pipeline_balance=None, pipeline_devices=None, pipeline_chunks=0, pipeline_encoder_balance=None, pipeline_encoder_devices=None, pipeline_decoder_balance=None, pipeline_decoder_devices=None, pipeline_checkpoint='never', zero_sharding='none', no_reshard_after_forward=False, fp32_reduce_scatter=False, cpu_offload=False, use_sharded_state=False, not_fsdp_flatten_parameters=False, arch='transformer', max_epoch=200, max_update=0, stop_time_hours=0, clip_norm=0.1, sentence_avg=False, update_freq=[6], lr=[0.0005], stop_min_lr=-1.0, use_bmuf=False, skip_remainder_batch=False, save_dir='/mnt/e/AI/khanh/checkpoints/unit2unit_dedup_v2', restore_file='checkpoint_last.pt', continue_once=None, finetune_from_model=None, reset_dataloader=False, reset_lr_scheduler=False, reset_meters=False, reset_optimizer=False, optimizer_overrides='{}', save_interval=30, save_interval_updates=0, keep_interval_updates=-1, keep_interval_updates_pattern=-1, keep_last_epochs=5, keep_best_checkpoints=3, no_save=False, no_epoch_checkpoints=False, no_last_checkpoints=False, no_save_optimizer_state=False, best_checkpoint_metric='loss', maximize_best_checkpoint_metric=False, patience=30, checkpoint_suffix='', checkpoint_shard_count=1, load_checkpoint_on_all_dp_ranks=False, write_checkpoints_asynchronously=False, store_ema=False, ema_decay=0.9999, ema_start_update=0, ema_seed_model=None, ema_update_freq=1, ema_fp32=False, data='/mnt/e/AI/khanh/checkpoints/data_bin_unit2unit_dedup', source_lang=None, target_lang=None, load_alignments=False, left_pad_source=True, left_pad_target=False, upsample_primary=-1, truncate_source=False, num_batch_buckets=0, eval_bleu=False, eval_bleu_args='{}', eval_bleu_detok='space', eval_bleu_detok_args='{}', eval_tokenized_bleu=False, eval_bleu_remove_bpe=None, eval_bleu_print_samples=False, label_smoothing=0.1, report_accuracy=False, ignore_prefix_size=0, adam_betas='(0.9, 0.98)', adam_eps=1e-08, weight_decay=0.0001, use_old_adam=False, fp16_adam_stats=False, warmup_updates=4000, warmup_init_lr=-1, pad=1, eos=2, unk=3, share_decoder_input_output_embed=True, max_source_positions=1536, max_target_positions=1536, dropout=0.1, no_seed_provided=False, encoder_embed_path=None, encoder_embed_dim=512, encoder_ffn_embed_dim=2048, encoder_layers=6, encoder_attention_heads=8, encoder_normalize_before=False, encoder_learned_pos=False, decoder_embed_path=None, decoder_embed_dim=512, decoder_ffn_embed_dim=2048, decoder_layers=6, decoder_attention_heads=8, decoder_normalize_before=False, decoder_learned_pos=False, attention_dropout=0.0, activation_dropout=0.0, activation_fn='relu', adaptive_softmax_cutoff=None, adaptive_softmax_dropout=0, share_all_embeddings=False, no_token_positional_embeddings=False, adaptive_input=False, no_cross_attention=False, cross_self_attention=False, decoder_output_dim=512, decoder_input_dim=512, no_scale_embedding=False, layernorm_embedding=False, tie_adaptive_weights=False, checkpoint_activations=False, offload_activations=False, encoder_layers_to_keep=None, decoder_layers_to_keep=None, encoder_layerdrop=0, decoder_layerdrop=0, quant_noise_pq=0, quant_noise_pq_block_size=8, quant_noise_scalar=0, _name='transformer'), 'task': {'_name': 'translation', 'data': '/mnt/e/AI/khanh/checkpoints/data_bin_unit2unit_dedup', 'source_lang': None, 'target_lang': None, 'load_alignments': False, 'left_pad_source': True, 'left_pad_target': False, 'max_source_positions': 1536, 'max_target_positions': 1536, 'upsample_primary': -1, 'truncate_source': False, 'num_batch_buckets': 0, 'train_subset': 'train', 'dataset_impl': None, 'required_seq_len_multiple': 1, 'eval_bleu': False, 'eval_bleu_args': '{}', 'eval_bleu_detok': 'space', 'eval_bleu_detok_args': '{}', 'eval_tokenized_bleu': False, 'eval_bleu_remove_bpe': None, 'eval_bleu_print_samples': False}, 'criterion': {'_name': 'label_smoothed_cross_entropy', 'label_smoothing': 0.1, 'report_accuracy': False, 'ignore_prefix_size': 0, 'sentence_avg': False}, 'optimizer': {'_name': 'adam', 'adam_betas': '(0.9, 0.98)', 'adam_eps': 1e-08, 'weight_decay': 0.0001, 'use_old_adam': False, 'fp16_adam_stats': False, 'tpu': False, 'lr': [0.0005]}, 'lr_scheduler': {'_name': 'inverse_sqrt', 'warmup_updates': 4000, 'warmup_init_lr': -1.0, 'lr': [0.0005]}, 'scoring': {'_name': 'bleu', 'pad': 1, 'eos': 2, 'unk': 3}, 'bpe': None, 'tokenizer': None, 'ema': {'_name': None, 'store_ema': False, 'ema_decay': 0.9999, 'ema_start_update': 0, 'ema_seed_model': None, 'ema_update_freq': 1, 'ema_fp32': False}}
2026-04-03 07:42:34 | INFO | fairseq.tasks.translation | [src] dictionary: 744 types
2026-04-03 07:42:34 | INFO | fairseq.tasks.translation | [tgt] dictionary: 1008 types
2026-04-03 07:42:35 | INFO | fairseq_cli.train | TransformerModel(
  (encoder): TransformerEncoderBase(
    (dropout_module): FairseqDropout()
    (embed_tokens): Embedding(744, 512, padding_idx=1)
    (embed_positions): SinusoidalPositionalEmbedding()
    (layers): ModuleList(
      (0-5): 6 x TransformerEncoderLayerBase(
        (self_attn): MultiheadAttention(
          (dropout_module): FairseqDropout()
          (k_proj): Linear(in_features=512, out_features=512, bias=True)
          (v_proj): Linear(in_features=512, out_features=512, bias=True)
          (q_proj): Linear(in_features=512, out_features=512, bias=True)
          (out_proj): Linear(in_features=512, out_features=512, bias=True)
        )
        (self_attn_layer_norm): LayerNorm((512,), eps=1e-05, elementwise_affine=True)
        (dropout_module): FairseqDropout()
        (activation_dropout_module): FairseqDropout()
        (fc1): Linear(in_features=512, out_features=2048, bias=True)
        (fc2): Linear(in_features=2048, out_features=512, bias=True)
        (final_layer_norm): LayerNorm((512,), eps=1e-05, elementwise_affine=True)
      )
    )
  )
  (decoder): TransformerDecoderBase(
    (dropout_module): FairseqDropout()
    (embed_tokens): Embedding(1008, 512, padding_idx=1)
    (embed_positions): SinusoidalPositionalEmbedding()
    (layers): ModuleList(
      (0-5): 6 x TransformerDecoderLayerBase(
        (dropout_module): FairseqDropout()
        (self_attn): MultiheadAttention(
          (dropout_module): FairseqDropout()
          (k_proj): Linear(in_features=512, out_features=512, bias=True)
          (v_proj): Linear(in_features=512, out_features=512, bias=True)
          (q_proj): Linear(in_features=512, out_features=512, bias=True)
          (out_proj): Linear(in_features=512, out_features=512, bias=True)
        )
        (activation_dropout_module): FairseqDropout()
        (self_attn_layer_norm): LayerNorm((512,), eps=1e-05, elementwise_affine=True)
        (encoder_attn): MultiheadAttention(
          (dropout_module): FairseqDropout()
          (k_proj): Linear(in_features=512, out_features=512, bias=True)
          (v_proj): Linear(in_features=512, out_features=512, bias=True)
          (q_proj): Linear(in_features=512, out_features=512, bias=True)
          (out_proj): Linear(in_features=512, out_features=512, bias=True)
        )
        (encoder_attn_layer_norm): LayerNorm((512,), eps=1e-05, elementwise_affine=True)
        (fc1): Linear(in_features=512, out_features=2048, bias=True)
        (fc2): Linear(in_features=2048, out_features=512, bias=True)
        (final_layer_norm): LayerNorm((512,), eps=1e-05, elementwise_affine=True)
      )
    )
    (output_projection): Linear(in_features=512, out_features=1008, bias=False)
  )
)
2026-04-03 07:42:35 | INFO | fairseq_cli.train | task: TranslationTask
2026-04-03 07:42:35 | INFO | fairseq_cli.train | model: TransformerModel
2026-04-03 07:42:35 | INFO | fairseq_cli.train | criterion: LabelSmoothedCrossEntropyCriterion
2026-04-03 07:42:35 | INFO | fairseq_cli.train | num. shared model params: 63,937,536 (num. trained: 63,937,536)
2026-04-03 07:42:35 | INFO | fairseq_cli.train | num. expert model params: 0 (num. trained: 0)
2026-04-03 07:42:35 | INFO | fairseq.data.data_utils | loaded 9,613 examples from: /mnt/e/AI/khanh/checkpoints/data_bin_unit2unit_dedup/valid.src-tgt.src
2026-04-03 07:42:35 | INFO | fairseq.data.data_utils | loaded 9,613 examples from: /mnt/e/AI/khanh/checkpoints/data_bin_unit2unit_dedup/valid.src-tgt.tgt
2026-04-03 07:42:35 | INFO | fairseq.tasks.translation | /mnt/e/AI/khanh/checkpoints/data_bin_unit2unit_dedup valid src-tgt 9613 examples
2026-04-03 07:42:35 | INFO | fairseq.trainer | detected shared parameter: decoder.embed_tokens.weight <- decoder.output_projection.weight
2026-04-03 07:42:35 | INFO | fairseq.utils | ***********************CUDA enviroments for all 1 workers***********************
2026-04-03 07:42:35 | INFO | fairseq.utils | rank   0: capabilities =  8.6  ; total memory = 24.000 GB ; name = NVIDIA GeForce RTX 3090                 
2026-04-03 07:42:35 | INFO | fairseq.utils | ***********************CUDA enviroments for all 1 workers***********************
2026-04-03 07:42:35 | INFO | fairseq_cli.train | training on 1 devices (GPUs/TPUs)
2026-04-03 07:42:35 | INFO | fairseq_cli.train | max tokens per device = 4096 and max sentences per device = None
2026-04-03 07:42:35 | INFO | fairseq.trainer | Preparing to load checkpoint /mnt/e/AI/khanh/checkpoints/unit2unit_dedup_v2/checkpoint_last.pt
2026-04-03 07:42:35 | INFO | fairseq.trainer | No existing checkpoint found /mnt/e/AI/khanh/checkpoints/unit2unit_dedup_v2/checkpoint_last.pt
2026-04-03 07:42:35 | INFO | fairseq.trainer | loading train data for epoch 1
2026-04-03 07:42:36 | INFO | fairseq.data.data_utils | loaded 76,907 examples from: /mnt/e/AI/khanh/checkpoints/data_bin_unit2unit_dedup/train.src-tgt.src
2026-04-03 07:42:36 | INFO | fairseq.data.data_utils | loaded 76,907 examples from: /mnt/e/AI/khanh/checkpoints/data_bin_unit2unit_dedup/train.src-tgt.tgt
2026-04-03 07:42:36 | INFO | fairseq.tasks.translation | /mnt/e/AI/khanh/checkpoints/data_bin_unit2unit_dedup train src-tgt 76907 examples
2026-04-03 07:42:36 | WARNING | fairseq.tasks.fairseq_task | 37 samples have invalid sizes and will be skipped, max_positions=(1536, 1536), first few sample ids=[56509, 46779, 70164, 72262, 43152, 52953, 56476, 43707, 45516, 56177]
2026-04-03 07:42:38 | INFO | fairseq.data.iterators | grouped total_num_itrs = 1029
2026-04-03 07:42:38 | INFO | fairseq.trainer | begin training epoch 1
2026-04-03 07:42:38 | INFO | fairseq_cli.train | Start iterating over samples
/mnt/e/AI/khanh/ai310_env/lib/python3.10/site-packages/torch/nn/functional.py:5109: UserWarning: Support for mismatched key_padding_mask and attn_mask is deprecated. Use same type for both instead.
  warnings.warn(
2026-04-03 07:42:44 | INFO | fairseq.trainer | NOTE: gradient overflow detected, ignoring gradient, setting loss scale to: 64.0
2026-04-03 07:42:55 | INFO | train_inner | epoch 001:     51 / 1029 loss=10.423, nll_loss=10.414, ppl=1364.52, wps=84984, ups=4.55, wpb=18665.5, bsz=78.2, num_updates=50, lr=6.25e-06, gnorm=1.956, clip=100, loss_scale=64, train_wall=17, gb_free=21.3, wall=20
2026-04-03 07:43:06 | INFO | train_inner | epoch 001:    101 / 1029 loss=9.988, nll_loss=9.961, ppl=996.52, wps=85281.4, ups=4.63, wpb=18438.5, bsz=74, num_updates=100, lr=1.25e-05, gnorm=0.682, clip=100, loss_scale=64, train_wall=11, gb_free=21.5, wall=31
2026-04-03 07:43:17 | INFO | train_inner | epoch 001:    151 / 1029 loss=9.645, nll_loss=9.574, ppl=762, wps=87347.9, ups=4.77, wpb=18296.9, bsz=74.9, num_updates=150, lr=1.875e-05, gnorm=0.843, clip=100, loss_scale=64, train_wall=10, gb_free=21.7, wall=41
2026-04-03 07:43:27 | INFO | train_inner | epoch 001:    201 / 1029 loss=9.059, nll_loss=8.904, ppl=478.88, wps=86189.1, ups=4.69, wpb=18395.6, bsz=78.4, num_updates=200, lr=2.5e-05, gnorm=1.247, clip=100, loss_scale=64, train_wall=11, gb_free=21.6, wall=52
2026-04-03 07:43:39 | INFO | train_inner | epoch 001:    251 / 1029 loss=8.095, nll_loss=7.794, ppl=222, wps=78256.5, ups=4.22, wpb=18558.5, bsz=70.9, num_updates=250, lr=3.125e-05, gnorm=2.656, clip=100, loss_scale=64, train_wall=12, gb_free=21.7, wall=64
2026-04-03 07:43:51 | INFO | train_inner | epoch 001:    301 / 1029 loss=6.832, nll_loss=6.332, ppl=80.57, wps=78033.1, ups=4.2, wpb=18594.7, bsz=81.3, num_updates=300, lr=3.75e-05, gnorm=4.228, clip=100, loss_scale=64, train_wall=12, gb_free=21.4, wall=76
2026-04-03 07:44:04 | INFO | train_inner | epoch 001:    351 / 1029 loss=5.866, nll_loss=5.221, ppl=37.3, wps=75042.2, ups=4.1, wpb=18318.9, bsz=74.3, num_updates=350, lr=4.375e-05, gnorm=4.167, clip=100, loss_scale=64, train_wall=12, gb_free=21.6, wall=88
2026-04-03 07:44:15 | INFO | train_inner | epoch 001:    401 / 1029 loss=5.134, nll_loss=4.373, ppl=20.72, wps=78574, ups=4.24, wpb=18528.1, bsz=74.7, num_updates=400, lr=5e-05, gnorm=3.29, clip=100, loss_scale=64, train_wall=12, gb_free=21.2, wall=100
2026-04-03 07:44:27 | INFO | train_inner | epoch 001:    451 / 1029 loss=4.598, nll_loss=3.738, ppl=13.34, wps=79154.1, ups=4.25, wpb=18623.9, bsz=81.6, num_updates=450, lr=5.625e-05, gnorm=2.478, clip=100, loss_scale=64, train_wall=12, gb_free=20.9, wall=112
2026-04-03 07:44:39 | INFO | train_inner | epoch 001:    501 / 1029 loss=4.276, nll_loss=3.34, ppl=10.13, wps=76675.2, ups=4.19, wpb=18293.3, bsz=79.5, num_updates=500, lr=6.25e-05, gnorm=2.003, clip=100, loss_scale=64, train_wall=12, gb_free=21.7, wall=124
2026-04-03 07:44:51 | INFO | train_inner | epoch 001:    551 / 1029 loss=4.089, nll_loss=3.099, ppl=8.57, wps=76139.6, ups=4.21, wpb=18093.9, bsz=72.3, num_updates=550, lr=6.875e-05, gnorm=1.726, clip=100, loss_scale=64, train_wall=12, gb_free=21.8, wall=136
2026-04-03 07:45:04 | INFO | train_inner | epoch 001:    601 / 1029 loss=3.969, nll_loss=2.936, ppl=7.65, wps=69456.1, ups=3.8, wpb=18286.8, bsz=70.2, num_updates=600, lr=7.5e-05, gnorm=1.385, clip=100, loss_scale=64, train_wall=13, gb_free=21.7, wall=149
2026-04-03 07:45:16 | INFO | train_inner | epoch 001:    651 / 1029 loss=3.911, nll_loss=2.855, ppl=7.24, wps=77766.2, ups=4.27, wpb=18196.3, bsz=69.8, num_updates=650, lr=8.125e-05, gnorm=1.222, clip=100, loss_scale=64, train_wall=12, gb_free=21.8, wall=161
2026-04-03 07:45:29 | INFO | train_inner | epoch 001:    701 / 1029 loss=3.865, nll_loss=2.793, ppl=6.93, wps=70920.7, ups=3.82, wpb=18588.7, bsz=73.8, num_updates=700, lr=8.75e-05, gnorm=1.07, clip=100, loss_scale=64, train_wall=13, gb_free=21.3, wall=174
2026-04-03 07:45:41 | INFO | train_inner | epoch 001:    751 / 1029 loss=3.829, nll_loss=2.747, ppl=6.71, wps=74127.4, ups=4.05, wpb=18302.7, bsz=72.7, num_updates=750, lr=9.375e-05, gnorm=0.969, clip=100, loss_scale=64, train_wall=12, gb_free=21.9, wall=186
2026-04-03 07:45:54 | INFO | train_inner | epoch 001:    801 / 1029 loss=3.797, nll_loss=2.709, ppl=6.54, wps=71267.5, ups=3.93, wpb=18117.2, bsz=72.8, num_updates=800, lr=0.0001, gnorm=0.897, clip=100, loss_scale=64, train_wall=13, gb_free=21.4, wall=199
2026-04-03 07:46:07 | INFO | train_inner | epoch 001:    851 / 1029 loss=3.774, nll_loss=2.683, ppl=6.42, wps=74021.5, ups=4.01, wpb=18468, bsz=73.4, num_updates=850, lr=0.00010625, gnorm=0.834, clip=100, loss_scale=64, train_wall=12, gb_free=21.2, wall=211
2026-04-03 07:46:18 | INFO | train_inner | epoch 001:    901 / 1029 loss=3.76, nll_loss=2.667, ppl=6.35, wps=79558.2, ups=4.34, wpb=18331.7, bsz=74.5, num_updates=900, lr=0.0001125, gnorm=0.855, clip=100, loss_scale=64, train_wall=11, gb_free=21.7, wall=223
2026-04-03 07:46:30 | INFO | train_inner | epoch 001:    951 / 1029 loss=3.746, nll_loss=2.652, ppl=6.29, wps=80925.8, ups=4.41, wpb=18367.1, bsz=71.3, num_updates=950, lr=0.00011875, gnorm=0.746, clip=100, loss_scale=64, train_wall=11, gb_free=21.8, wall=234
2026-04-03 07:46:41 | INFO | train_inner | epoch 001:   1001 / 1029 loss=3.712, nll_loss=2.614, ppl=6.12, wps=82151.7, ups=4.46, wpb=18399.4, bsz=78, num_updates=1000, lr=0.000125, gnorm=0.72, clip=100, loss_scale=64, train_wall=11, gb_free=21.9, wall=245
2026-04-03 07:46:47 | INFO | fairseq_cli.train | begin validation on "valid" subset
2026-04-03 07:46:47 | WARNING | fairseq.tasks.fairseq_task | 10 samples have invalid sizes and will be skipped, max_positions=(1536, 1536), first few sample ids=[5330, 1546, 5184, 2987, 2493, 7365, 9166, 8734, 7142, 1219]
2026-04-03 07:47:00 | INFO | valid | epoch 001 | valid on 'valid' subset | loss 3.681 | nll_loss 2.513 | ppl 5.71 | wps 190623 | wpb 2805.2 | bsz 11.5 | num_updates 1028
2026-04-03 07:47:00 | INFO | fairseq_cli.train | end of epoch 1 (average epoch stats below)
2026-04-03 07:47:00 | INFO | train | epoch 001 | loss 5.576 | nll_loss 4.82 | ppl 28.25 | wps 74039.1 | ups 4.03 | wpb 18377.1 | bsz 74.7 | num_updates 1028 | lr 0.0001285 | gnorm 1.672 | clip 100 | loss_scale 64 | train_wall 246 | gb_free 22.3 | wall 264
2026-04-03 07:47:00 | INFO | fairseq.data.iterators | grouped total_num_itrs = 1029
2026-04-03 07:47:00 | INFO | fairseq.trainer | begin training epoch 2
2026-04-03 07:47:00 | INFO | fairseq_cli.train | Start iterating over samples
2026-04-03 07:47:05 | INFO | train_inner | epoch 002:     22 / 1029 loss=3.716, nll_loss=2.619, ppl=6.15, wps=37901, ups=2.11, wpb=17930.1, bsz=72, num_updates=1050, lr=0.00013125, gnorm=0.703, clip=100, loss_scale=64, train_wall=11, gb_free=22, wall=269
2026-04-03 07:47:15 | INFO | train_inner | epoch 002:     72 / 1029 loss=3.681, nll_loss=2.581, ppl=5.98, wps=85448.9, ups=4.6, wpb=18559.3, bsz=76.8, num_updates=1100, lr=0.0001375, gnorm=0.649, clip=100, loss_scale=64, train_wall=11, gb_free=21.5, wall=280
2026-04-03 07:47:26 | INFO | train_inner | epoch 002:    122 / 1029 loss=3.672, nll_loss=2.571, ppl=5.94, wps=85922.5, ups=4.7, wpb=18295.5, bsz=72.5, num_updates=1150, lr=0.00014375, gnorm=0.645, clip=100, loss_scale=64, train_wall=11, gb_free=20.9, wall=291
2026-04-03 07:47:38 | INFO | train_inner | epoch 002:    172 / 1029 loss=3.662, nll_loss=2.561, ppl=5.9, wps=79571, ups=4.37, wpb=18193.5, bsz=74.1, num_updates=1200, lr=0.00015, gnorm=0.619, clip=100, loss_scale=64, train_wall=11, gb_free=21.1, wall=302
2026-04-03 07:47:50 | INFO | train_inner | epoch 002:    222 / 1029 loss=3.65, nll_loss=2.547, ppl=5.84, wps=72520.6, ups=3.92, wpb=18508.3, bsz=73.8, num_updates=1250, lr=0.00015625, gnorm=0.615, clip=100, loss_scale=64, train_wall=13, gb_free=21.5, wall=315
2026-04-03 07:48:03 | INFO | train_inner | epoch 002:    272 / 1029 loss=3.624, nll_loss=2.518, ppl=5.73, wps=73857.5, ups=4.03, wpb=18307.2, bsz=71.7, num_updates=1300, lr=0.0001625, gnorm=0.587, clip=100, loss_scale=64, train_wall=12, gb_free=21.5, wall=327
2026-04-03 07:48:14 | INFO | train_inner | epoch 002:    322 / 1029 loss=3.603, nll_loss=2.494, ppl=5.63, wps=84151.2, ups=4.5, wpb=18689.5, bsz=77.4, num_updates=1350, lr=0.00016875, gnorm=0.583, clip=100, loss_scale=64, train_wall=11, gb_free=21.4, wall=338
2026-04-03 07:48:25 | INFO | train_inner | epoch 002:    372 / 1029 loss=3.578, nll_loss=2.466, ppl=5.52, wps=84671.2, ups=4.64, wpb=18249.5, bsz=74.3, num_updates=1400, lr=0.000175, gnorm=0.546, clip=100, loss_scale=64, train_wall=11, gb_free=21.7, wall=349
2026-04-03 07:48:35 | INFO | train_inner | epoch 002:    422 / 1029 loss=3.559, nll_loss=2.444, ppl=5.44, wps=84647.3, ups=4.7, wpb=17996.2, bsz=72.3, num_updates=1450, lr=0.00018125, gnorm=0.549, clip=100, loss_scale=64, train_wall=11, gb_free=21.9, wall=360
2026-04-03 07:48:47 | INFO | train_inner | epoch 002:    472 / 1029 loss=3.539, nll_loss=2.423, ppl=5.36, wps=84931.5, ups=4.47, wpb=18997.4, bsz=81.4, num_updates=1500, lr=0.0001875, gnorm=0.526, clip=100, loss_scale=64, train_wall=11, gb_free=21.9, wall=371
2026-04-03 07:48:58 | INFO | train_inner | epoch 002:    522 / 1029 loss=3.534, nll_loss=2.416, ppl=5.34, wps=84070.5, ups=4.47, wpb=18820.4, bsz=77.5, num_updates=1550, lr=0.00019375, gnorm=0.524, clip=100, loss_scale=64, train_wall=11, gb_free=21.1, wall=382
2026-04-03 07:49:09 | INFO | train_inner | epoch 002:    572 / 1029 loss=3.523, nll_loss=2.405, ppl=5.3, wps=85214.3, ups=4.63, wpb=18405.2, bsz=73.4, num_updates=1600, lr=0.0002, gnorm=0.531, clip=100, loss_scale=64, train_wall=11, gb_free=21.5, wall=393
2026-04-03 07:49:19 | INFO | train_inner | epoch 002:    622 / 1029 loss=3.51, nll_loss=2.391, ppl=5.24, wps=84413.6, ups=4.6, wpb=18366.1, bsz=75.7, num_updates=1650, lr=0.00020625, gnorm=0.5, clip=100, loss_scale=64, train_wall=11, gb_free=21.3, wall=404
2026-04-03 07:49:30 | INFO | train_inner | epoch 002:    672 / 1029 loss=3.488, nll_loss=2.366, ppl=5.15, wps=85858.8, ups=4.64, wpb=18499.2, bsz=74.5, num_updates=1700, lr=0.0002125, gnorm=0.474, clip=100, loss_scale=64, train_wall=11, gb_free=21.5, wall=415
2026-04-03 07:49:43 | INFO | train_inner | epoch 002:    722 / 1029 loss=3.491, nll_loss=2.371, ppl=5.17, wps=74917.7, ups=4.04, wpb=18536.8, bsz=72.7, num_updates=1750, lr=0.00021875, gnorm=0.476, clip=100, loss_scale=64, train_wall=12, gb_free=21.1, wall=427
